<?xml version="1.0" encoding="UTF-8"?>
<!-- Generated by org.testng.reporters.JUnitReportReporter -->
<testsuite hostname="LAPTOP-FIF06I2G" failures="0" tests="1" name="Automation.Runner.TestRunner" time="0.698" errors="0" timestamp="2022-02-05T00:02:21 IST" skipped="0">
  <testcase classname="Automation.Runner.TestRunner" name="runScenario" time="0.698"/>
  <system-out/>
</testsuite> <!-- Automation.Runner.TestRunner -->
